This is pdfTeX, Version 3.1415926-2.5-1.40.14 (MiKTeX 2.9) (preloaded format=pdflatex 2015.2.18)  29 MAY 2015 20:30
entering extended mode
**FunctionalReques.tex

("C:\Users\Ruth\Documents\GitHub\Main project\Documentation\Functional_Requirem
ents\FunctionalReques.tex"
LaTeX2e <2011/06/27>
Babel <v3.8m> and hyphenation patterns for english, afrikaans, ancientgreek, ar
abic, armenian, assamese, basque, bengali, bokmal, bulgarian, catalan, coptic, 
croatian, czech, danish, dutch, esperanto, estonian, farsi, finnish, french, ga
lician, german, german-x-2013-05-26, greek, gujarati, hindi, hungarian, iceland
ic, indonesian, interlingua, irish, italian, kannada, kurmanji, latin, latvian,
 lithuanian, malayalam, marathi, mongolian, mongolianlmc, monogreek, ngerman, n
german-x-2013-05-26, nynorsk, oriya, panjabi, pinyin, polish, portuguese, roman
ian, russian, sanskrit, serbian, slovak, slovenian, spanish, swedish, swissgerm
an, tamil, telugu, turkish, turkmen, ukenglish, ukrainian, uppersorbian, usengl
ishmax, welsh, loaded.
("C:\Program Files (x86)\MiKTeX 2.9\tex\latex\base\article.cls"
Document Class: article 2007/10/19 v1.4h Standard LaTeX document class
("C:\Program Files (x86)\MiKTeX 2.9\tex\latex\base\size12.clo"
File: size12.clo 2007/10/19 v1.4h Standard LaTeX file (size option)
)
\c@part=\count79
\c@section=\count80
\c@subsection=\count81
\c@subsubsection=\count82
\c@paragraph=\count83
\c@subparagraph=\count84
\c@figure=\count85
\c@table=\count86
\abovecaptionskip=\skip41
\belowcaptionskip=\skip42
\bibindent=\dimen102
)
("C:\Program Files (x86)\MiKTeX 2.9\tex\latex\graphics\graphicx.sty"
Package: graphicx 1999/02/16 v1.0f Enhanced LaTeX Graphics (DPC,SPQR)

("C:\Program Files (x86)\MiKTeX 2.9\tex\latex\graphics\keyval.sty"
Package: keyval 1999/03/16 v1.13 key=value parser (DPC)
\KV@toks@=\toks14
)
("C:\Program Files (x86)\MiKTeX 2.9\tex\latex\graphics\graphics.sty"
Package: graphics 2009/02/05 v1.0o Standard LaTeX Graphics (DPC,SPQR)

("C:\Program Files (x86)\MiKTeX 2.9\tex\latex\graphics\trig.sty"
Package: trig 1999/03/16 v1.09 sin cos tan (DPC)
)
("C:\Program Files (x86)\MiKTeX 2.9\tex\latex\00miktex\graphics.cfg"
File: graphics.cfg 2007/01/18 v1.5 graphics configuration of teTeX/TeXLive
)
Package graphics Info: Driver file: pdftex.def on input line 91.

("C:\Program Files (x86)\MiKTeX 2.9\tex\latex\pdftex-def\pdftex.def"
File: pdftex.def 2011/05/27 v0.06d Graphics/color for pdfTeX

("C:\Program Files (x86)\MiKTeX 2.9\tex\generic\oberdiek\infwarerr.sty"
Package: infwarerr 2010/04/08 v1.3 Providing info/warning/error messages (HO)
)
("C:\Program Files (x86)\MiKTeX 2.9\tex\generic\oberdiek\ltxcmds.sty"
Package: ltxcmds 2011/11/09 v1.22 LaTeX kernel commands for general use (HO)
)
\Gread@gobject=\count87
))
\Gin@req@height=\dimen103
\Gin@req@width=\dimen104
)
("C:\Program Files (x86)\MiKTeX 2.9\tex\latex\oberdiek\pdflscape.sty"
Package: pdflscape 2008/08/11 v0.10 Display of landscape pages in PDF (HO)

("C:\Program Files (x86)\MiKTeX 2.9\tex\latex\graphics\lscape.sty"
Package: lscape 2000/10/22 v3.01 Landscape Pages (DPC)
)
("C:\Program Files (x86)\MiKTeX 2.9\tex\generic\oberdiek\ifpdf.sty"
Package: ifpdf 2011/01/30 v2.3 Provides the ifpdf switch (HO)
Package ifpdf Info: pdfTeX in PDF mode is detected.
)
Package pdflscape Info: Auto-detected driver: pdftex on input line 80.

("C:\Program Files (x86)\MiKTeX 2.9\tex\generic\ifxetex\ifxetex.sty"
Package: ifxetex 2010/09/12 v0.6 Provides ifxetex conditional
))
("C:\Program Files (x86)\MiKTeX 2.9\tex\latex\hyperref\hyperref.sty"
Package: hyperref 2012/11/06 v6.83m Hypertext links for LaTeX

("C:\Program Files (x86)\MiKTeX 2.9\tex\generic\oberdiek\hobsub-hyperref.sty"
Package: hobsub-hyperref 2012/04/25 v1.12 Bundle oberdiek, subset hyperref (HO)


("C:\Program Files (x86)\MiKTeX 2.9\tex\generic\oberdiek\hobsub-generic.sty"
Package: hobsub-generic 2012/04/25 v1.12 Bundle oberdiek, subset generic (HO)
Package: hobsub 2012/04/25 v1.12 Construct package bundles (HO)
Package hobsub Info: Skipping package `infwarerr' (already loaded).
Package hobsub Info: Skipping package `ltxcmds' (already loaded).
Package: ifluatex 2010/03/01 v1.3 Provides the ifluatex switch (HO)
Package ifluatex Info: LuaTeX not detected.
Package: ifvtex 2010/03/01 v1.5 Detect VTeX and its facilities (HO)
Package ifvtex Info: VTeX not detected.
Package: intcalc 2007/09/27 v1.1 Expandable calculations with integers (HO)
Package hobsub Info: Skipping package `ifpdf' (already loaded).
Package: etexcmds 2011/02/16 v1.5 Avoid name clashes with e-TeX commands (HO)
Package etexcmds Info: Could not find \expanded.
(etexcmds)             That can mean that you are not using pdfTeX 1.50 or
(etexcmds)             that some package has redefined \expanded.
(etexcmds)             In the latter case, load this package earlier.
Package: kvsetkeys 2012/04/25 v1.16 Key value parser (HO)
Package: kvdefinekeys 2011/04/07 v1.3 Define keys (HO)
Package: pdftexcmds 2011/11/29 v0.20 Utility functions of pdfTeX for LuaTeX (HO
)
Package pdftexcmds Info: LuaTeX not detected.
Package pdftexcmds Info: \pdf@primitive is available.
Package pdftexcmds Info: \pdf@ifprimitive is available.
Package pdftexcmds Info: \pdfdraftmode found.
Package: pdfescape 2011/11/25 v1.13 Implements pdfTeX's escape features (HO)
Package: bigintcalc 2012/04/08 v1.3 Expandable calculations on big integers (HO
)
Package: bitset 2011/01/30 v1.1 Handle bit-vector datatype (HO)
Package: uniquecounter 2011/01/30 v1.2 Provide unlimited unique counter (HO)
)
Package hobsub Info: Skipping package `hobsub' (already loaded).
Package: letltxmacro 2010/09/02 v1.4 Let assignment for LaTeX macros (HO)
Package: hopatch 2011/06/24 v1.1 Wrapper for package hooks (HO)
Package: xcolor-patch 2011/01/30 xcolor patch
Package: atveryend 2011/06/30 v1.8 Hooks at the very end of document (HO)
Package atveryend Info: \enddocument detected (standard20110627).
Package: atbegshi 2011/10/05 v1.16 At begin shipout hook (HO)
Package: refcount 2011/10/16 v3.4 Data extraction from label references (HO)
Package: hycolor 2011/01/30 v1.7 Color options for hyperref/bookmark (HO)
)
("C:\Program Files (x86)\MiKTeX 2.9\tex\latex\oberdiek\auxhook.sty"
Package: auxhook 2011/03/04 v1.3 Hooks for auxiliary files (HO)
)
("C:\Program Files (x86)\MiKTeX 2.9\tex\latex\oberdiek\kvoptions.sty"
Package: kvoptions 2011/06/30 v3.11 Key value format for package options (HO)
)
\@linkdim=\dimen105
\Hy@linkcounter=\count88
\Hy@pagecounter=\count89

("C:\Program Files (x86)\MiKTeX 2.9\tex\latex\hyperref\pd1enc.def"
File: pd1enc.def 2012/11/06 v6.83m Hyperref: PDFDocEncoding definition (HO)
)
\Hy@SavedSpaceFactor=\count90

("C:\Program Files (x86)\MiKTeX 2.9\tex\latex\00miktex\hyperref.cfg"
File: hyperref.cfg 2002/06/06 v1.2 hyperref configuration of TeXLive
)
Package hyperref Info: Hyper figures OFF on input line 4443.
Package hyperref Info: Link nesting OFF on input line 4448.
Package hyperref Info: Hyper index ON on input line 4451.
Package hyperref Info: Plain pages OFF on input line 4458.
Package hyperref Info: Backreferencing OFF on input line 4463.
Package hyperref Info: Implicit mode ON; LaTeX internals redefined.
Package hyperref Info: Bookmarks ON on input line 4688.
\c@Hy@tempcnt=\count91

("C:\Program Files (x86)\MiKTeX 2.9\tex\latex\url\url.sty"
\Urlmuskip=\muskip10
Package: url 2013/09/16  ver 3.4  Verb mode for urls, etc.
)
LaTeX Info: Redefining \url on input line 5041.
\XeTeXLinkMargin=\dimen106
\Fld@menulength=\count92
\Field@Width=\dimen107
\Fld@charsize=\dimen108
Package hyperref Info: Hyper figures OFF on input line 6295.
Package hyperref Info: Link nesting OFF on input line 6300.
Package hyperref Info: Hyper index ON on input line 6303.
Package hyperref Info: backreferencing OFF on input line 6310.
Package hyperref Info: Link coloring OFF on input line 6315.
Package hyperref Info: Link coloring with OCG OFF on input line 6320.
Package hyperref Info: PDF/A mode OFF on input line 6325.
LaTeX Info: Redefining \ref on input line 6365.
LaTeX Info: Redefining \pageref on input line 6369.
\Hy@abspage=\count93
\c@Item=\count94
\c@Hfootnote=\count95
)

Package hyperref Message: Driver (autodetected): hpdftex.

("C:\Program Files (x86)\MiKTeX 2.9\tex\latex\hyperref\hpdftex.def"
File: hpdftex.def 2012/11/06 v6.83m Hyperref driver for pdfTeX
\Fld@listcount=\count96
\c@bookmark@seq@number=\count97

("C:\Program Files (x86)\MiKTeX 2.9\tex\latex\oberdiek\rerunfilecheck.sty"
Package: rerunfilecheck 2011/04/15 v1.7 Rerun checks for auxiliary files (HO)
Package uniquecounter Info: New unique counter `rerunfilecheck' on input line 2
82.
)
\Hy@SectionHShift=\skip43
)
("C:\Program Files (x86)\MiKTeX 2.9\tex\latex\listings\listings.sty"
\lst@mode=\count98
\lst@gtempboxa=\box26
\lst@token=\toks15
\lst@length=\count99
\lst@currlwidth=\dimen109
\lst@column=\count100
\lst@pos=\count101
\lst@lostspace=\dimen110
\lst@width=\dimen111
\lst@newlines=\count102
\lst@lineno=\count103
\lst@maxwidth=\dimen112

("C:\Program Files (x86)\MiKTeX 2.9\tex\latex\listings\lstmisc.sty"
File: lstmisc.sty 2014/09/06 1.5e (Carsten Heinz)
\c@lstnumber=\count104
\lst@skipnumbers=\count105
\lst@framebox=\box27
)
("C:\Program Files (x86)\MiKTeX 2.9\tex\latex\listings\listings.cfg"
File: listings.cfg 2014/09/06 1.5e listings configuration
))
Package: listings 2014/09/06 1.5e (Carsten Heinz)

("C:\Program Files (x86)\MiKTeX 2.9\tex\latex\float\float.sty"
Package: float 2001/11/08 v1.3d Float enhancements (AL)
\c@float@type=\count106
\float@exts=\toks16
\float@box=\box28
\@float@everytoks=\toks17
\@floatcapt=\box29
)
("C:\Program Files (x86)\MiKTeX 2.9\tex\latex\oberdiek\epstopdf.sty"
Package: epstopdf 2010/02/09 v2.5 Conversion with epstopdf on the fly (HO)

("C:\Program Files (x86)\MiKTeX 2.9\tex\latex\oberdiek\epstopdf-base.sty"
Package: epstopdf-base 2010/02/09 v2.5 Base part for package epstopdf

("C:\Program Files (x86)\MiKTeX 2.9\tex\latex\oberdiek\grfext.sty"
Package: grfext 2010/08/19 v1.1 Manage graphics extensions (HO)
)
Package grfext Info: Graphics extension search list:
(grfext)             [.png,.pdf,.jpg,.mps,.jpeg,.jbig2,.jb2,.PNG,.PDF,.JPG,.JPE
G,.JBIG2,.JB2,.eps]
(grfext)             \AppendGraphicsExtensions on input line 452.
))
("C:\Program Files (x86)\MiKTeX 2.9\tex\latex\geometry\geometry.sty"
Package: geometry 2010/09/12 v5.6 Page Geometry
\Gm@cnth=\count107
\Gm@cntv=\count108
\c@Gm@tempcnt=\count109
\Gm@bindingoffset=\dimen113
\Gm@wd@mp=\dimen114
\Gm@odd@mp=\dimen115
\Gm@even@mp=\dimen116
\Gm@layoutwidth=\dimen117
\Gm@layoutheight=\dimen118
\Gm@layouthoffset=\dimen119
\Gm@layoutvoffset=\dimen120
\Gm@dimlist=\toks18

("C:\Program Files (x86)\MiKTeX 2.9\tex\latex\geometry\geometry.cfg"))
("C:\Users\Ruth\Documents\GitHub\Main project\Documentation\Functional_Requirem
ents\FunctionalReques.aux")
LaTeX Font Info:    Checking defaults for OML/cmm/m/it on input line 12.
LaTeX Font Info:    ... okay on input line 12.
LaTeX Font Info:    Checking defaults for T1/cmr/m/n on input line 12.
LaTeX Font Info:    ... okay on input line 12.
LaTeX Font Info:    Checking defaults for OT1/cmr/m/n on input line 12.
LaTeX Font Info:    ... okay on input line 12.
LaTeX Font Info:    Checking defaults for OMS/cmsy/m/n on input line 12.
LaTeX Font Info:    ... okay on input line 12.
LaTeX Font Info:    Checking defaults for OMX/cmex/m/n on input line 12.
LaTeX Font Info:    ... okay on input line 12.
LaTeX Font Info:    Checking defaults for U/cmr/m/n on input line 12.
LaTeX Font Info:    ... okay on input line 12.
LaTeX Font Info:    Checking defaults for PD1/pdf/m/n on input line 12.
LaTeX Font Info:    ... okay on input line 12.

("C:\Program Files (x86)\MiKTeX 2.9\tex\context\base\supp-pdf.mkii"
[Loading MPS to PDF converter (version 2006.09.02).]
\scratchcounter=\count110
\scratchdimen=\dimen121
\scratchbox=\box30
\nofMPsegments=\count111
\nofMParguments=\count112
\everyMPshowfont=\toks19
\MPscratchCnt=\count113
\MPscratchDim=\dimen122
\MPnumerator=\count114
\makeMPintoPDFobject=\count115
\everyMPtoPDFconversion=\toks20
)
\AtBeginShipoutBox=\box31
Package hyperref Info: Link coloring OFF on input line 12.
 ("C:\Program Files (x86)\MiKTeX 2.9\tex\latex\hyperref\nameref.sty"
Package: nameref 2012/10/27 v2.43 Cross-referencing by name of section

("C:\Program Files (x86)\MiKTeX 2.9\tex\generic\oberdiek\gettitlestring.sty"
Package: gettitlestring 2010/12/03 v1.4 Cleanup title references (HO)
)
\c@section@level=\count116
)
LaTeX Info: Redefining \ref on input line 12.
LaTeX Info: Redefining \pageref on input line 12.
LaTeX Info: Redefining \nameref on input line 12.

("C:\Users\Ruth\Documents\GitHub\Main project\Documentation\Functional_Requirem
ents\FunctionalReques.out")
("C:\Users\Ruth\Documents\GitHub\Main project\Documentation\Functional_Requirem
ents\FunctionalReques.out")
\@outlinefile=\write3
\c@lstlisting=\count117

*geometry* driver: auto-detecting
*geometry* detected driver: pdftex
*geometry* verbose mode - [ preamble ] result:
* driver: pdftex
* paper: a4paper
* layout: <same size as paper>
* layoutoffset:(h,v)=(0.0pt,0.0pt)
* modes: 
* h-part:(L,W,R)=(144.54pt, 308.42789pt, 144.54pt)
* v-part:(T,H,B)=(144.54pt, 555.96686pt, 144.54pt)
* \paperwidth=597.50787pt
* \paperheight=845.04684pt
* \textwidth=308.42789pt
* \textheight=555.96686pt
* \oddsidemargin=72.27pt
* \evensidemargin=72.27pt
* \topmargin=35.27pt
* \headheight=12.0pt
* \headsep=25.0pt
* \topskip=12.0pt
* \footskip=30.0pt
* \marginparwidth=35.0pt
* \marginparsep=10.0pt
* \columnsep=10.0pt
* \skip\footins=10.8pt plus 4.0pt minus 2.0pt
* \hoffset=0.0pt
* \voffset=0.0pt
* \mag=1000
* \@twocolumnfalse
* \@twosidefalse
* \@mparswitchfalse
* \@reversemarginfalse
* (1in=72.27pt=25.4mm, 1cm=28.453pt)


("C:\Users\Ruth\Documents\GitHub\Main project\Documentation\Functional_Requirem
ents\FRTitlePage.tex"
<./Graphics/KPTH_Logo.png, id=399, 900.36375pt x 269.50688pt>
File: ./Graphics/KPTH_Logo.png Graphic file (type png)

<use ./Graphics/KPTH_Logo.png>
Package pdftex.def Info: ./Graphics/KPTH_Logo.png used on input line 6.
(pdftex.def)             Requested size: 451.68915pt x 135.20546pt.

Overfull \hbox (143.26126pt too wide) in paragraph at lines 6--7
 [][] 
 []

<./Graphics/Pentec_Logo.png, id=400, 362.35374pt x 136.51pt>
File: ./Graphics/Pentec_Logo.png Graphic file (type png)

<use ./Graphics/Pentec_Logo.png>
Package pdftex.def Info: ./Graphics/Pentec_Logo.png used on input line 30.
(pdftex.def)             Requested size: 150.56305pt x 56.7214pt.
 [1

{C:/ProgramData/MiKTeX/2.9/pdftex/config/pdftex.map} <C:/Users/Ruth/Documents/G
itHub/Main project/Documentation/Functional_Requirements/Graphics/KPTH_Logo.png
> <C:/Users/Ruth/Documents/GitHub/Main project/Documentation/Functional_Require
ments/Graphics/Pentec_Logo.png>] [2])
("C:\Users\Ruth\Documents\GitHub\Main project\Documentation\Functional_Requirem
ents\FunctionalReques.toc"
LaTeX Font Info:    External font `cmex10' loaded for size
(Font)              <12> on input line 5.
LaTeX Font Info:    External font `cmex10' loaded for size
(Font)              <8> on input line 5.
LaTeX Font Info:    External font `cmex10' loaded for size
(Font)              <6> on input line 5.
pdfTeX warning (ext4): destination with the same identifier (name{page.1}) has 
been already used, duplicate ignored
<to be read again> 
                   \relax 
l.34 ... {5.6}removeFormField}{12}{subsection.5.6}
                                                   [1]pdfTeX warning (ext4): de
stination with the same identifier (name{page.2}) has been already used, duplic
ate ignored
<to be read again> 
                   \relax 
l.70 ... Specifications:}{20}{subsubsection.7.2.4}
                                                   [2])
\tf@toc=\write4
 [3]
Package epstopdf Info: Source file: <./Graphics/PIMSUseCase.eps>
(epstopdf)                    date: 2015-05-27 16:08:57
(epstopdf)                    size: 73840 bytes
(epstopdf)             Output file: <./Graphics/PIMSUseCase-eps-converted-to.pd
f>
(epstopdf)                    date: 2015-05-29 19:50:56
(epstopdf)                    size: 35170 bytes
(epstopdf)             Command: <epstopdf --outfile=./Graphics/PIMSUseCase-eps-
converted-to.pdf ./Graphics/PIMSUseCase.eps>
(epstopdf)             \includegraphics on input line 24.
Package epstopdf Info: Output file is already uptodate.

<./Graphics/PIMSUseCase-eps-converted-to.pdf, id=523, 557.08125pt x 448.67625pt
>
File: ./Graphics/PIMSUseCase-eps-converted-to.pdf Graphic file (type pdf)
 <use ./Graphics/PIMSUseCase-eps-converted-to.pdf>
Package pdftex.def Info: ./Graphics/PIMSUseCase-eps-converted-to.pdf used on in
put line 24.
(pdftex.def)             Requested size: 308.42789pt x 248.4158pt.
 [4 <C:/Users/Ruth/Documents/GitHub/Main project/Documentation/Functional_Requi
rements/Graphics/PIMSUseCase-eps-converted-to.pdf>]
Package epstopdf Info: Source file: <./Graphics/ClassDiagram.eps>
(epstopdf)                    date: 2015-05-27 16:08:57
(epstopdf)                    size: 53935 bytes
(epstopdf)             Output file: <./Graphics/ClassDiagram-eps-converted-to.p
df>
(epstopdf)                    date: 2015-05-29 19:50:58
(epstopdf)                    size: 20154 bytes
(epstopdf)             Command: <epstopdf --outfile=./Graphics/ClassDiagram-eps
-converted-to.pdf ./Graphics/ClassDiagram.eps>
(epstopdf)             \includegraphics on input line 32.
Package epstopdf Info: Output file is already uptodate.

<./Graphics/ClassDiagram-eps-converted-to.pdf, id=620, 557.08125pt x 223.83624p
t>
File: ./Graphics/ClassDiagram-eps-converted-to.pdf Graphic file (type pdf)
 <use ./Graphics/ClassDiagram-eps-converted-to.pdf>
Package pdftex.def Info: ./Graphics/ClassDiagram-eps-converted-to.pdf used on i
nput line 32.
(pdftex.def)             Requested size: 555.96686pt x 223.3951pt.
 [5

 <C:/Users/Ruth/Documents/GitHub/Main project/Documentation/Functional_Requirem
ents/Graphics/ClassDiagram-eps-converted-to.pdf>]
("C:\Users\Ruth\Documents\GitHub\Main project\Documentation\Functional_Requirem
ents\introduction.tex"
LaTeX Font Info:    Try loading font information for OMS+cmr on input line 11.

("C:\Program Files (x86)\MiKTeX 2.9\tex\latex\base\omscmr.fd"
File: omscmr.fd 1999/05/25 v2.5h Standard LaTeX font definitions
)
LaTeX Font Info:    Font shape `OMS/cmr/m/n' in size <12> not available
(Font)              Font shape `OMS/cmsy/m/n' tried instead on input line 11.
)
("C:\Users\Ruth\Documents\GitHub\Main project\Documentation\Functional_Requirem
ents\userHandeling.tex" [6

]
<./Graphics/Login.jpg, id=684, 878.28125pt x 531.9875pt>
File: ./Graphics/Login.jpg Graphic file (type jpg)

<use ./Graphics/Login.jpg>
Package pdftex.def Info: ./Graphics/Login.jpg used on input line 34.
(pdftex.def)             Requested size: 308.42789pt x 186.82346pt.
 [7]
<./Graphics/Logout.jpg, id=689, 879.285pt x 436.63126pt>
File: ./Graphics/Logout.jpg Graphic file (type jpg)

<use ./Graphics/Logout.jpg>
Package pdftex.def Info: ./Graphics/Logout.jpg used on input line 52.
(pdftex.def)             Requested size: 308.42789pt x 153.15634pt.
)
Underfull \hbox (badness 10000) in paragraph at lines 52--41

 []


("C:\Users\Ruth\Documents\GitHub\Main project\Documentation\Functional_Requirem
ents\FormUsecase.tex" [8 <C:/Users/Ruth/Documents/GitHub/Main project/Documenta
tion/Functional_Requirements/Graphics/Login.jpg>] [9 <C:/Users/Ruth/Documents/G
itHub/Main project/Documentation/Functional_Requirements/Graphics/Logout.jpg>]
Package epstopdf Info: Source file: <./Graphics/addNewForm_ServiceContract.eps>

(epstopdf)                    date: 2015-05-29 18:53:02
(epstopdf)                    size: 48991 bytes
(epstopdf)             Output file: <./Graphics/addNewForm_ServiceContract-eps-
converted-to.pdf>
(epstopdf)                    date: 2015-05-29 19:12:11
(epstopdf)                    size: 18843 bytes
(epstopdf)             Command: <epstopdf --outfile=./Graphics/addNewForm_Servi
ceContract-eps-converted-to.pdf ./Graphics/addNewForm_ServiceContract.eps>
(epstopdf)             \includegraphics on input line 32.
Package epstopdf Info: Output file is already uptodate.

<./Graphics/addNewForm_ServiceContract-eps-converted-to.pdf, id=698, 557.08125p
t x 324.21124pt>
File: ./Graphics/addNewForm_ServiceContract-eps-converted-to.pdf Graphic file (
type pdf)

<use ./Graphics/addNewForm_ServiceContract-eps-converted-to.pdf>
Package pdftex.def Info: ./Graphics/addNewForm_ServiceContract-eps-converted-to
.pdf used on input line 32.
(pdftex.def)             Requested size: 308.42789pt x 179.50403pt.
 [10 <C:/Users/Ruth/Documents/GitHub/Main project/Documentation/Functional_Requ
irements/Graphics/addNewForm_ServiceContract-eps-converted-to.pdf>]
<./Graphics/viewForm_ServiceContract.png, id=746, 972.63374pt x 572.1375pt>
File: ./Graphics/viewForm_ServiceContract.png Graphic file (type png)

<use ./Graphics/viewForm_ServiceContract.png>
Package pdftex.def Info: ./Graphics/viewForm_ServiceContract.png used on input 
line 55.
(pdftex.def)             Requested size: 308.42789pt x 181.42902pt.
 [11 <C:/Users/Ruth/Documents/GitHub/Main project/Documentation/Functional_Requ
irements/Graphics/viewForm_ServiceContract.png (PNG copy)>]
<./Graphics/removeForm_ServiceContract.png, id=752, 928.46875pt x 612.2875pt>
File: ./Graphics/removeForm_ServiceContract.png Graphic file (type png)

<use ./Graphics/removeForm_ServiceContract.png>
Package pdftex.def Info: ./Graphics/removeForm_ServiceContract.png used on inpu
t line 84.
(pdftex.def)             Requested size: 308.42789pt x 203.40085pt.
 [12 <C:/Users/Ruth/Documents/GitHub/Main project/Documentation/Functional_Requ
irements/Graphics/removeForm_ServiceContract.png (PNG copy)>]
<./Graphics/addFormField_ServiceContract.png, id=757, 952.55875pt x 576.1525pt>
File: ./Graphics/addFormField_ServiceContract.png Graphic file (type png)
<use ./Graphics/addFormField_ServiceContract.png>
Package pdftex.def Info: ./Graphics/addFormField_ServiceContract.png used on in
put line 115.
(pdftex.def)             Requested size: 308.42789pt x 186.55281pt.
 [13 <C:/Users/Ruth/Documents/GitHub/Main project/Documentation/Functional_Requ
irements/Graphics/addFormField_ServiceContract.png (PNG copy)>]
<./Graphics/editFormField_ServiceContract.png, id=762, 977.6525pt x 618.31pt>
File: ./Graphics/editFormField_ServiceContract.png Graphic file (type png)

<use ./Graphics/editFormField_ServiceContract.png>
Package pdftex.def Info: ./Graphics/editFormField_ServiceContract.png used on i
nput line 144.
(pdftex.def)             Requested size: 308.42789pt x 195.06114pt.
 [14 <C:/Users/Ruth/Documents/GitHub/Main project/Documentation/Functional_Requ
irements/Graphics/editFormField_ServiceContract.png (PNG copy)>]
<./Graphics/removeFormField_ServiceContract.png, id=767, 948.54375pt x 611.2837
5pt>
File: ./Graphics/removeFormField_ServiceContract.png Graphic file (type png)
 <use ./Graphics/removeFormField_ServiceContract.png>
Package pdftex.def Info: ./Graphics/removeFormField_ServiceContract.png used on
 input line 172.
(pdftex.def)             Requested size: 308.42789pt x 198.75813pt.
 [15 <C:/Users/Ruth/Documents/GitHub/Main project/Documentation/Functional_Requ
irements/Graphics/removeFormField_ServiceContract.png (PNG copy)>]
<./Graphics/downloadPatientForm.png, id=772, 952.55875pt x 576.1525pt>
File: ./Graphics/downloadPatientForm.png Graphic file (type png)

<use ./Graphics/downloadPatientForm.png>
Package pdftex.def Info: ./Graphics/downloadPatientForm.png used on input line 
199.
(pdftex.def)             Requested size: 308.42789pt x 186.55281pt.
 [16 <C:/Users/Ruth/Documents/GitHub/Main project/Documentation/Functional_Requ
irements/Graphics/downloadPatientForm.png (PNG copy)>]
Package epstopdf Info: Source file: <./Graphics/downloadPatientForms.eps>
(epstopdf)                    date: 2015-05-29 16:20:41
(epstopdf)                    size: 52646 bytes
(epstopdf)             Output file: <./Graphics/downloadPatientForms-eps-conver
ted-to.pdf>
(epstopdf)                    date: 2015-05-29 19:12:13
(epstopdf)                    size: 20579 bytes
(epstopdf)             Command: <epstopdf --outfile=./Graphics/downloadPatientF
orms-eps-converted-to.pdf ./Graphics/downloadPatientForms.eps>
(epstopdf)             \includegraphics on input line 228.
Package epstopdf Info: Output file is already uptodate.

<./Graphics/downloadPatientForms-eps-converted-to.pdf, id=777, 557.08125pt x 36
6.36874pt>
File: ./Graphics/downloadPatientForms-eps-converted-to.pdf Graphic file (type p
df)
 <use ./Graphics/downloadPatientForms-eps-converted-to.pdf>
Package pdftex.def Info: ./Graphics/downloadPatientForms-eps-converted-to.pdf u
sed on input line 228.
(pdftex.def)             Requested size: 308.42789pt x 202.84511pt.
)
("C:\Users\Ruth\Documents\GitHub\Main project\Documentation\Functional_Requirem
ents\PatientDetails.tex" [17 <C:/Users/Ruth/Documents/GitHub/Main project/Docum
entation/Functional_Requirements/Graphics/downloadPatientForms-eps-converted-to
.pdf>] <./Graphics/1.jpg, id=834, 866.23625pt x 499.8675pt>
File: ./Graphics/1.jpg Graphic file (type jpg)

<use ./Graphics/1.jpg>
Package pdftex.def Info: ./Graphics/1.jpg used on input line 32.
(pdftex.def)             Requested size: 308.42789pt x 177.97667pt.
 [18 <C:/Users/Ruth/Documents/GitHub/Main project/Documentation/Functional_Requ
irements/Graphics/1.jpg>]
<./Graphics/2.jpg, id=839, 876.27374pt x 531.9875pt>
File: ./Graphics/2.jpg Graphic file (type jpg)
 <use ./Graphics/2.jpg>
Package pdftex.def Info: ./Graphics/2.jpg used on input line 55.
(pdftex.def)             Requested size: 308.42789pt x 187.24556pt.

[19 <C:/Users/Ruth/Documents/GitHub/Main project/Documentation/Functional_Requi
rements/Graphics/2.jpg>] <./Graphics/3.jpg, id=844, 922.44624pt x 499.8675pt>
File: ./Graphics/3.jpg Graphic file (type jpg)

<use ./Graphics/3.jpg>
Package pdftex.def Info: ./Graphics/3.jpg used on input line 78.
(pdftex.def)             Requested size: 308.42789pt x 167.13057pt.
)
Underfull \hbox (badness 10000) in paragraph at lines 78--47

 []


("C:\Users\Ruth\Documents\GitHub\Main project\Documentation\Functional_Requirem
ents\CRUDUser.tex" [20 <C:/Users/Ruth/Documents/GitHub/Main project/Documentati
on/Functional_Requirements/Graphics/3.jpg>]
<./Graphics/4.jpg, id=849, 866.23625pt x 499.8675pt>
File: ./Graphics/4.jpg Graphic file (type jpg)
 <use ./Graphics/4.jpg>
Package pdftex.def Info: ./Graphics/4.jpg used on input line 31.
(pdftex.def)             Requested size: 308.42789pt x 177.97667pt.

[21 <C:/Users/Ruth/Documents/GitHub/Main project/Documentation/Functional_Requi
rements/Graphics/4.jpg>] <./Graphics/5.jpg, id=854, 866.23625pt x 499.8675pt>
File: ./Graphics/5.jpg Graphic file (type jpg)

<use ./Graphics/5.jpg>
Package pdftex.def Info: ./Graphics/5.jpg used on input line 53.
(pdftex.def)             Requested size: 308.42789pt x 177.97667pt.
 [22 <C:/Users/Ruth/Documents/GitHub/Main project/Documentation/Functional_Requ
irements/Graphics/5.jpg>]
<./Graphics/6.jpg, id=859, 1050.92625pt x 499.8675pt>
File: ./Graphics/6.jpg Graphic file (type jpg)
 <use ./Graphics/6.jpg>
Package pdftex.def Info: ./Graphics/6.jpg used on input line 75.
(pdftex.def)             Requested size: 308.42789pt x 146.6969pt.
)
Underfull \hbox (badness 10000) in paragraph at lines 75--50

 []


("C:\Users\Ruth\Documents\GitHub\Main project\Documentation\Functional_Requirem
ents\Authorization.tex" [23 <C:/Users/Ruth/Documents/GitHub/Main project/Docume
ntation/Functional_Requirements/Graphics/6.jpg>]
<./Graphics/Authorization.png, id=865, 618.31pt x 243.91125pt>
File: ./Graphics/Authorization.png Graphic file (type png)

<use ./Graphics/Authorization.png>
Package pdftex.def Info: ./Graphics/Authorization.png used on input line 11.
(pdftex.def)             Requested size: 308.42789pt x 121.67245pt.
 [24 <C:/Users/Ruth/Documents/GitHub/Main project/Documentation/Functional_Requ
irements/Graphics/Authorization.png (PNG copy)>] <./Graphics/addAuth.png, id=87
0, 844.15375pt x 513.92pt>
File: ./Graphics/addAuth.png Graphic file (type png)

<use ./Graphics/addAuth.png>
Package pdftex.def Info: ./Graphics/addAuth.png used on input line 31.
(pdftex.def)             Requested size: 308.42789pt x 187.77136pt.

<./Graphics/getAuthorized.png, id=871, 909.3975pt x 527.9725pt>
File: ./Graphics/getAuthorized.png Graphic file (type png)

<use ./Graphics/getAuthorized.png>
Package pdftex.def Info: ./Graphics/getAuthorized.png used on input line 48.
(pdftex.def)             Requested size: 308.42789pt x 179.06519pt.
 [25 <C:/Users/Ruth/Documents/GitHub/Main project/Documentation/Functional_Requ
irements/Graphics/addAuth.png (PNG copy)>]
<./Graphics/RemoveAuth.png, id=876, 886.31125pt x 429.605pt>
File: ./Graphics/RemoveAuth.png Graphic file (type png)

<use ./Graphics/RemoveAuth.png>
Package pdftex.def Info: ./Graphics/RemoveAuth.png used on input line 65.
(pdftex.def)             Requested size: 308.42789pt x 149.4987pt.
 [26 <C:/Users/Ruth/Documents/GitHub/Main project/Documentation/Functional_Requ
irements/Graphics/getAuthorized.png (PNG copy)>]
Overfull \hbox (8.42299pt too wide) in paragraph at lines 79--80
[]\OT1/cmr/m/n/12 Updated au-tho-riza-tion re-stric-tions are stored in databas
e 
 []

<./Graphics/updateAuth.png, id=881, 865.2325pt x 492.84125pt>
File: ./Graphics/updateAuth.png Graphic file (type png)

<use ./Graphics/updateAuth.png>
Package pdftex.def Info: ./Graphics/updateAuth.png used on input line 82.
(pdftex.def)             Requested size: 308.42789pt x 175.67802pt.
 [27 <C:/Users/Ruth/Documents/GitHub/Main project/Documentation/Functional_Requ
irements/Graphics/RemoveAuth.png (PNG copy)>]
<./Graphics/isAuthorized.png, id=886, 724.7075pt x 435.6275pt>
File: ./Graphics/isAuthorized.png Graphic file (type png)

<use ./Graphics/isAuthorized.png>
Package pdftex.def Info: ./Graphics/isAuthorized.png used on input line 100.
(pdftex.def)             Requested size: 308.42789pt x 185.4018pt.
)
Underfull \hbox (badness 10000) in paragraph at lines 100--53

 []

Package atveryend Info: Empty hook `BeforeClearDocument' on input line 56.
[28 <C:/Users/Ruth/Documents/GitHub/Main project/Documentation/Functional_Requi
rements/Graphics/updateAuth.png (PNG copy)>] [29 <C:/Users/Ruth/Documents/GitHu
b/Main project/Documentation/Functional_Requirements/Graphics/isAuthorized.png 
(PNG copy)>]
Package atveryend Info: Empty hook `AfterLastShipout' on input line 56.

("C:\Users\Ruth\Documents\GitHub\Main project\Documentation\Functional_Requirem
ents\FunctionalReques.aux")
Package atveryend Info: Executing hook `AtVeryEndDocument' on input line 56.
Package atveryend Info: Executing hook `AtEndAfterFileList' on input line 56.
Package rerunfilecheck Info: File `FunctionalReques.out' has not changed.
(rerunfilecheck)             Checksum: 4D79B07F7DD3367401EBDDD73572E4CE;7507.
Package atveryend Info: Empty hook `AtVeryVeryEnd' on input line 56.
 ) 
Here is how much of TeX's memory you used:
 7157 strings out of 493921
 111513 string characters out of 3144879
 193052 words of memory out of 3000000
 10221 multiletter control sequences out of 15000+200000
 8807 words of font info for 31 fonts, out of 3000000 for 9000
 841 hyphenation exceptions out of 8191
 30i,5n,32p,420b,451s stack positions out of 5000i,500n,10000p,200000b,50000s
<C:/Program Files (x86)/MiKTeX 2.9/fonts/type1/public/amsfonts/cm/cmbx12.pfb>
<C:/Program Files (x86)/MiKTeX 2.9/fonts/type1/public/amsfonts/cm/cmr12.pfb><C:
/Program Files (x86)/MiKTeX 2.9/fonts/type1/public/amsfonts/cm/cmr17.pfb><C:/Pr
ogram Files (x86)/MiKTeX 2.9/fonts/type1/public/amsfonts/cm/cmsy10.pfb>
Output written on FunctionalReques.pdf (31 pages, 2047239 bytes).
PDF statistics:
 939 PDF objects out of 1000 (max. 8388607)
 130 named destinations out of 1000 (max. 500000)
 923 words of extra memory for PDF output out of 10000 (max. 10000000)

