\BOOKMARK [1][-]{section.1}{Introduction}{}% 1
\BOOKMARK [1][-]{section.2}{Vision and scope}{}% 2
\BOOKMARK [2][-]{subsection.2.1}{Project background}{section.2}% 3
\BOOKMARK [2][-]{subsection.2.2}{Project vision}{section.2}% 4
\BOOKMARK [2][-]{subsection.2.3}{Project background}{section.2}% 5
\BOOKMARK [1][-]{section.3}{Application requirements and design}{}% 6
\BOOKMARK [2][-]{subsection.3.1}{Modular System}{section.3}% 7
\BOOKMARK [1][-]{section.4}{Architectural requirementsn}{}% 8
\BOOKMARK [2][-]{subsection.4.1}{Access and integration requirements}{section.4}% 9
\BOOKMARK [3][-]{subsubsection.4.1.1}{Human access channels}{subsection.4.1}% 10
\BOOKMARK [3][-]{subsubsection.4.1.2}{System access channels}{subsection.4.1}% 11
\BOOKMARK [3][-]{subsubsection.4.1.3}{Integration channels}{subsection.4.1}% 12
\BOOKMARK [2][-]{subsection.4.2}{Quality requirements}{section.4}% 13
\BOOKMARK [3][-]{subsubsection.4.2.1}{Maintainability}{subsection.4.2}% 14
\BOOKMARK [3][-]{subsubsection.4.2.2}{Scalability}{subsection.4.2}% 15
\BOOKMARK [3][-]{subsubsection.4.2.3}{Reliability and Availability}{subsection.4.2}% 16
\BOOKMARK [3][-]{subsubsection.4.2.4}{Performance requirements}{subsection.4.2}% 17
\BOOKMARK [3][-]{subsubsection.4.2.5}{Security}{subsection.4.2}% 18
\BOOKMARK [3][-]{subsubsection.4.2.6}{Auditability}{subsection.4.2}% 19
\BOOKMARK [3][-]{subsubsection.4.2.7}{Testability}{subsection.4.2}% 20
\BOOKMARK [3][-]{subsubsection.4.2.8}{Usability}{subsection.4.2}% 21
\BOOKMARK [3][-]{subsubsection.4.2.9}{Integrability}{subsection.4.2}% 22
\BOOKMARK [3][-]{subsubsection.4.2.10}{Deployability}{subsection.4.2}% 23
\BOOKMARK [2][-]{subsection.4.3}{Architectural responsibilities}{section.4}% 24
\BOOKMARK [2][-]{subsection.4.4}{Architecture constraints}{section.4}% 25
\BOOKMARK [1][-]{section.5}{Architecture design}{}% 26
\BOOKMARK [2][-]{subsection.5.1}{Overview}{section.5}% 27
\BOOKMARK [2][-]{subsection.5.2}{Modularization}{section.5}% 28
\BOOKMARK [2][-]{subsection.5.3}{Architectural tactics addressing quality requirements}{section.5}% 29
\BOOKMARK [2][-]{subsection.5.4}{Architectural components}{section.5}% 30
\BOOKMARK [2][-]{subsection.5.5}{Infrastructure}{section.5}% 31
\BOOKMARK [2][-]{subsection.5.6}{Development architecture}{section.5}% 32
\BOOKMARK [3][-]{subsubsection.5.6.1}{Version control}{subsection.5.6}% 33
\BOOKMARK [3][-]{subsubsection.5.6.2}{IDE}{subsection.5.6}% 34
\BOOKMARK [3][-]{subsubsection.5.6.3}{Buildsy}{subsection.5.6}% 35
\BOOKMARK [3][-]{subsubsection.5.6.4}{Unit testing}{subsection.5.6}% 36
\BOOKMARK [3][-]{subsubsection.5.6.5}{Integration testing}{subsection.5.6}% 37
\BOOKMARK [3][-]{subsubsection.5.6.6}{Documentation}{subsection.5.6}% 38
\BOOKMARK [3][-]{subsubsection.5.6.7}{Bug tracking}{subsection.5.6}% 39
